have_builtin_func: checking for __builtin_clz()... -------------------- yes

DYLD_FALLBACK_LIBRARY_PATH=.:/Users/satomi/.rbenv/versions/3.1.4/lib "clang -o conftest -I/Users/satomi/.rbenv/versions/3.1.4/include/ruby-3.1.0/arm64-darwin24 -I/Users/satomi/.rbenv/versions/3.1.4/include/ruby-3.1.0/ruby/backward -I/Users/satomi/.rbenv/versions/3.1.4/include/ruby-3.1.0 -I. -D_XOPEN_SOURCE -D_DARWIN_C_SOURCE -D_DARWIN_UNLIMITED_SELECT -D_REENTRANT   -fdeclspec -O3 -fno-fast-math -ggdb3 -Wall -Wextra -Wdeprecated-declarations -Wdivision-by-zero -Wimplicit-function-declaration -Wimplicit-int -Wmisleading-indentation -Wpointer-arith -Wshorten-64-to-32 -Wwrite-strings -Wold-style-definition -Wmissing-noreturn -Wno-cast-function-type -Wno-constant-logical-operand -Wno-long-long -Wno-missing-field-initializers -Wno-overlength-strings -Wno-parentheses-equality -Wno-self-assign -Wno-tautological-compare -Wno-unused-parameter -Wno-unused-value -Wunused-variable -Wextra-tokens -Wundef  -fno-common -pipe conftest.c  -L. -L/Users/satomi/.rbenv/versions/3.1.4/lib -L. -fstack-protector-strong     -lruby.3.1   "
ld: warning: ignoring file '/Users/satomi/.rbenv/versions/3.1.4/lib/libruby.3.1.dylib': found architecture 'arm64', required architecture 'x86_64'
checked program was:
/* begin */
1: #include "ruby.h"
2: 
3: int main(int argc, char **argv)
4: {
5:   return !!argv[argc];
6: }
/* end */

DYLD_FALLBACK_LIBRARY_PATH=.:/Users/satomi/.rbenv/versions/3.1.4/lib "clang -I/Users/satomi/.rbenv/versions/3.1.4/include/ruby-3.1.0/arm64-darwin24 -I/Users/satomi/.rbenv/versions/3.1.4/include/ruby-3.1.0/ruby/backward -I/Users/satomi/.rbenv/versions/3.1.4/include/ruby-3.1.0 -I. -D_XOPEN_SOURCE -D_DARWIN_C_SOURCE -D_DARWIN_UNLIMITED_SELECT -D_REENTRANT   -fdeclspec -O3 -fno-fast-math -ggdb3 -Wall -Wextra -Wdeprecated-declarations -Wdivision-by-zero -Wimplicit-function-declaration -Wimplicit-int -Wmisleading-indentation -Wpointer-arith -Wshorten-64-to-32 -Wwrite-strings -Wold-style-definition -Wmissing-noreturn -Wno-cast-function-type -Wno-constant-logical-operand -Wno-long-long -Wno-missing-field-initializers -Wno-overlength-strings -Wno-parentheses-equality -Wno-self-assign -Wno-tautological-compare -Wno-unused-parameter -Wno-unused-value -Wunused-variable -Wextra-tokens -Wundef  -fno-common -pipe   -c conftest.c"
checked program was:
/* begin */
1: #include "ruby.h"
2: 
3: int foo;
4: int main() { __builtin_clz(0); return 0; }
/* end */

--------------------

have_builtin_func: checking for __builtin_clzl()... -------------------- yes

DYLD_FALLBACK_LIBRARY_PATH=.:/Users/satomi/.rbenv/versions/3.1.4/lib "clang -I/Users/satomi/.rbenv/versions/3.1.4/include/ruby-3.1.0/arm64-darwin24 -I/Users/satomi/.rbenv/versions/3.1.4/include/ruby-3.1.0/ruby/backward -I/Users/satomi/.rbenv/versions/3.1.4/include/ruby-3.1.0 -I. -D_XOPEN_SOURCE -D_DARWIN_C_SOURCE -D_DARWIN_UNLIMITED_SELECT -D_REENTRANT   -fdeclspec -O3 -fno-fast-math -ggdb3 -Wall -Wextra -Wdeprecated-declarations -Wdivision-by-zero -Wimplicit-function-declaration -Wimplicit-int -Wmisleading-indentation -Wpointer-arith -Wshorten-64-to-32 -Wwrite-strings -Wold-style-definition -Wmissing-noreturn -Wno-cast-function-type -Wno-constant-logical-operand -Wno-long-long -Wno-missing-field-initializers -Wno-overlength-strings -Wno-parentheses-equality -Wno-self-assign -Wno-tautological-compare -Wno-unused-parameter -Wno-unused-value -Wunused-variable -Wextra-tokens -Wundef  -fno-common -pipe   -c conftest.c"
checked program was:
/* begin */
1: #include "ruby.h"
2: 
3: int foo;
4: int main() { __builtin_clzl(0); return 0; }
/* end */

--------------------

have_builtin_func: checking for __builtin_clzll()... -------------------- yes

DYLD_FALLBACK_LIBRARY_PATH=.:/Users/satomi/.rbenv/versions/3.1.4/lib "clang -I/Users/satomi/.rbenv/versions/3.1.4/include/ruby-3.1.0/arm64-darwin24 -I/Users/satomi/.rbenv/versions/3.1.4/include/ruby-3.1.0/ruby/backward -I/Users/satomi/.rbenv/versions/3.1.4/include/ruby-3.1.0 -I. -D_XOPEN_SOURCE -D_DARWIN_C_SOURCE -D_DARWIN_UNLIMITED_SELECT -D_REENTRANT   -fdeclspec -O3 -fno-fast-math -ggdb3 -Wall -Wextra -Wdeprecated-declarations -Wdivision-by-zero -Wimplicit-function-declaration -Wimplicit-int -Wmisleading-indentation -Wpointer-arith -Wshorten-64-to-32 -Wwrite-strings -Wold-style-definition -Wmissing-noreturn -Wno-cast-function-type -Wno-constant-logical-operand -Wno-long-long -Wno-missing-field-initializers -Wno-overlength-strings -Wno-parentheses-equality -Wno-self-assign -Wno-tautological-compare -Wno-unused-parameter -Wno-unused-value -Wunused-variable -Wextra-tokens -Wundef  -fno-common -pipe   -c conftest.c"
checked program was:
/* begin */
1: #include "ruby.h"
2: 
3: int foo;
4: int main() { __builtin_clzll(0); return 0; }
/* end */

--------------------

have_header: checking for float.h... -------------------- yes

DYLD_FALLBACK_LIBRARY_PATH=.:/Users/satomi/.rbenv/versions/3.1.4/lib "clang -I/Users/satomi/.rbenv/versions/3.1.4/include/ruby-3.1.0/arm64-darwin24 -I/Users/satomi/.rbenv/versions/3.1.4/include/ruby-3.1.0/ruby/backward -I/Users/satomi/.rbenv/versions/3.1.4/include/ruby-3.1.0 -I. -D_XOPEN_SOURCE -D_DARWIN_C_SOURCE -D_DARWIN_UNLIMITED_SELECT -D_REENTRANT   -fdeclspec -O3 -fno-fast-math -ggdb3 -Wall -Wextra -Wdeprecated-declarations -Wdivision-by-zero -Wimplicit-function-declaration -Wimplicit-int -Wmisleading-indentation -Wpointer-arith -Wshorten-64-to-32 -Wwrite-strings -Wold-style-definition -Wmissing-noreturn -Wno-cast-function-type -Wno-constant-logical-operand -Wno-long-long -Wno-missing-field-initializers -Wno-overlength-strings -Wno-parentheses-equality -Wno-self-assign -Wno-tautological-compare -Wno-unused-parameter -Wno-unused-value -Wunused-variable -Wextra-tokens -Wundef  -fno-common -pipe   -c conftest.c"
checked program was:
/* begin */
1: #include "ruby.h"
2: 
3: #include <float.h>
/* end */

--------------------

have_header: checking for math.h... -------------------- yes

DYLD_FALLBACK_LIBRARY_PATH=.:/Users/satomi/.rbenv/versions/3.1.4/lib "clang -I/Users/satomi/.rbenv/versions/3.1.4/include/ruby-3.1.0/arm64-darwin24 -I/Users/satomi/.rbenv/versions/3.1.4/include/ruby-3.1.0/ruby/backward -I/Users/satomi/.rbenv/versions/3.1.4/include/ruby-3.1.0 -I. -D_XOPEN_SOURCE -D_DARWIN_C_SOURCE -D_DARWIN_UNLIMITED_SELECT -D_REENTRANT   -fdeclspec -O3 -fno-fast-math -ggdb3 -Wall -Wextra -Wdeprecated-declarations -Wdivision-by-zero -Wimplicit-function-declaration -Wimplicit-int -Wmisleading-indentation -Wpointer-arith -Wshorten-64-to-32 -Wwrite-strings -Wold-style-definition -Wmissing-noreturn -Wno-cast-function-type -Wno-constant-logical-operand -Wno-long-long -Wno-missing-field-initializers -Wno-overlength-strings -Wno-parentheses-equality -Wno-self-assign -Wno-tautological-compare -Wno-unused-parameter -Wno-unused-value -Wunused-variable -Wextra-tokens -Wundef  -fno-common -pipe   -c conftest.c"
checked program was:
/* begin */
1: #include "ruby.h"
2: 
3: #include <math.h>
/* end */

--------------------

have_header: checking for stdbool.h... -------------------- yes

DYLD_FALLBACK_LIBRARY_PATH=.:/Users/satomi/.rbenv/versions/3.1.4/lib "clang -I/Users/satomi/.rbenv/versions/3.1.4/include/ruby-3.1.0/arm64-darwin24 -I/Users/satomi/.rbenv/versions/3.1.4/include/ruby-3.1.0/ruby/backward -I/Users/satomi/.rbenv/versions/3.1.4/include/ruby-3.1.0 -I. -D_XOPEN_SOURCE -D_DARWIN_C_SOURCE -D_DARWIN_UNLIMITED_SELECT -D_REENTRANT   -fdeclspec -O3 -fno-fast-math -ggdb3 -Wall -Wextra -Wdeprecated-declarations -Wdivision-by-zero -Wimplicit-function-declaration -Wimplicit-int -Wmisleading-indentation -Wpointer-arith -Wshorten-64-to-32 -Wwrite-strings -Wold-style-definition -Wmissing-noreturn -Wno-cast-function-type -Wno-constant-logical-operand -Wno-long-long -Wno-missing-field-initializers -Wno-overlength-strings -Wno-parentheses-equality -Wno-self-assign -Wno-tautological-compare -Wno-unused-parameter -Wno-unused-value -Wunused-variable -Wextra-tokens -Wundef  -fno-common -pipe   -c conftest.c"
checked program was:
/* begin */
1: #include "ruby.h"
2: 
3: #include <stdbool.h>
/* end */

--------------------

have_header: checking for stdlib.h... -------------------- yes

DYLD_FALLBACK_LIBRARY_PATH=.:/Users/satomi/.rbenv/versions/3.1.4/lib "clang -I/Users/satomi/.rbenv/versions/3.1.4/include/ruby-3.1.0/arm64-darwin24 -I/Users/satomi/.rbenv/versions/3.1.4/include/ruby-3.1.0/ruby/backward -I/Users/satomi/.rbenv/versions/3.1.4/include/ruby-3.1.0 -I. -D_XOPEN_SOURCE -D_DARWIN_C_SOURCE -D_DARWIN_UNLIMITED_SELECT -D_REENTRANT   -fdeclspec -O3 -fno-fast-math -ggdb3 -Wall -Wextra -Wdeprecated-declarations -Wdivision-by-zero -Wimplicit-function-declaration -Wimplicit-int -Wmisleading-indentation -Wpointer-arith -Wshorten-64-to-32 -Wwrite-strings -Wold-style-definition -Wmissing-noreturn -Wno-cast-function-type -Wno-constant-logical-operand -Wno-long-long -Wno-missing-field-initializers -Wno-overlength-strings -Wno-parentheses-equality -Wno-self-assign -Wno-tautological-compare -Wno-unused-parameter -Wno-unused-value -Wunused-variable -Wextra-tokens -Wundef  -fno-common -pipe   -c conftest.c"
checked program was:
/* begin */
1: #include "ruby.h"
2: 
3: #include <stdlib.h>
/* end */

--------------------

have_header: checking for x86intrin.h... -------------------- yes

DYLD_FALLBACK_LIBRARY_PATH=.:/Users/satomi/.rbenv/versions/3.1.4/lib "clang -I/Users/satomi/.rbenv/versions/3.1.4/include/ruby-3.1.0/arm64-darwin24 -I/Users/satomi/.rbenv/versions/3.1.4/include/ruby-3.1.0/ruby/backward -I/Users/satomi/.rbenv/versions/3.1.4/include/ruby-3.1.0 -I. -D_XOPEN_SOURCE -D_DARWIN_C_SOURCE -D_DARWIN_UNLIMITED_SELECT -D_REENTRANT   -fdeclspec -O3 -fno-fast-math -ggdb3 -Wall -Wextra -Wdeprecated-declarations -Wdivision-by-zero -Wimplicit-function-declaration -Wimplicit-int -Wmisleading-indentation -Wpointer-arith -Wshorten-64-to-32 -Wwrite-strings -Wold-style-definition -Wmissing-noreturn -Wno-cast-function-type -Wno-constant-logical-operand -Wno-long-long -Wno-missing-field-initializers -Wno-overlength-strings -Wno-parentheses-equality -Wno-self-assign -Wno-tautological-compare -Wno-unused-parameter -Wno-unused-value -Wunused-variable -Wextra-tokens -Wundef  -fno-common -pipe   -c conftest.c"
checked program was:
/* begin */
1: #include "ruby.h"
2: 
3: #include <x86intrin.h>
/* end */

--------------------

have_func: checking for _lzcnt_u32() in x86intrin.h... -------------------- yes

DYLD_FALLBACK_LIBRARY_PATH=.:/Users/satomi/.rbenv/versions/3.1.4/lib "clang -o conftest -I/Users/satomi/.rbenv/versions/3.1.4/include/ruby-3.1.0/arm64-darwin24 -I/Users/satomi/.rbenv/versions/3.1.4/include/ruby-3.1.0/ruby/backward -I/Users/satomi/.rbenv/versions/3.1.4/include/ruby-3.1.0 -I. -D_XOPEN_SOURCE -D_DARWIN_C_SOURCE -D_DARWIN_UNLIMITED_SELECT -D_REENTRANT   -fdeclspec -O3 -fno-fast-math -ggdb3 -Wall -Wextra -Wdeprecated-declarations -Wdivision-by-zero -Wimplicit-function-declaration -Wimplicit-int -Wmisleading-indentation -Wpointer-arith -Wshorten-64-to-32 -Wwrite-strings -Wold-style-definition -Wmissing-noreturn -Wno-cast-function-type -Wno-constant-logical-operand -Wno-long-long -Wno-missing-field-initializers -Wno-overlength-strings -Wno-parentheses-equality -Wno-self-assign -Wno-tautological-compare -Wno-unused-parameter -Wno-unused-value -Wunused-variable -Wextra-tokens -Wundef  -fno-common -pipe conftest.c  -L. -L/Users/satomi/.rbenv/versions/3.1.4/lib -L. -fstack-protector-strong     -lruby.3.1   "
ld: warning: ignoring file '/Users/satomi/.rbenv/versions/3.1.4/lib/libruby.3.1.dylib': found architecture 'arm64', required architecture 'x86_64'
checked program was:
/* begin */
 1: #include "ruby.h"
 2: 
 3: #include <x86intrin.h>
 4: 
 5: /*top*/
 6: extern int t(void);
 7: int main(int argc, char **argv)
 8: {
 9:   if (argc > 1000000) {
10:     int (* volatile tp)(void)=(int (*)(void))&t;
11:     printf("%d", (*tp)());
12:   }
13: 
14:   return !!argv[argc];
15: }
16: int t(void) { void ((*volatile p)()); p = (void ((*)()))_lzcnt_u32; return !p; }
/* end */

--------------------

have_func: checking for _lzcnt_u64() in x86intrin.h... -------------------- yes

DYLD_FALLBACK_LIBRARY_PATH=.:/Users/satomi/.rbenv/versions/3.1.4/lib "clang -o conftest -I/Users/satomi/.rbenv/versions/3.1.4/include/ruby-3.1.0/arm64-darwin24 -I/Users/satomi/.rbenv/versions/3.1.4/include/ruby-3.1.0/ruby/backward -I/Users/satomi/.rbenv/versions/3.1.4/include/ruby-3.1.0 -I. -D_XOPEN_SOURCE -D_DARWIN_C_SOURCE -D_DARWIN_UNLIMITED_SELECT -D_REENTRANT   -fdeclspec -O3 -fno-fast-math -ggdb3 -Wall -Wextra -Wdeprecated-declarations -Wdivision-by-zero -Wimplicit-function-declaration -Wimplicit-int -Wmisleading-indentation -Wpointer-arith -Wshorten-64-to-32 -Wwrite-strings -Wold-style-definition -Wmissing-noreturn -Wno-cast-function-type -Wno-constant-logical-operand -Wno-long-long -Wno-missing-field-initializers -Wno-overlength-strings -Wno-parentheses-equality -Wno-self-assign -Wno-tautological-compare -Wno-unused-parameter -Wno-unused-value -Wunused-variable -Wextra-tokens -Wundef  -fno-common -pipe conftest.c  -L. -L/Users/satomi/.rbenv/versions/3.1.4/lib -L. -fstack-protector-strong     -lruby.3.1   "
ld: warning: ignoring file '/Users/satomi/.rbenv/versions/3.1.4/lib/libruby.3.1.dylib': found architecture 'arm64', required architecture 'x86_64'
checked program was:
/* begin */
 1: #include "ruby.h"
 2: 
 3: #include <x86intrin.h>
 4: 
 5: /*top*/
 6: extern int t(void);
 7: int main(int argc, char **argv)
 8: {
 9:   if (argc > 1000000) {
10:     int (* volatile tp)(void)=(int (*)(void))&t;
11:     printf("%d", (*tp)());
12:   }
13: 
14:   return !!argv[argc];
15: }
16: int t(void) { void ((*volatile p)()); p = (void ((*)()))_lzcnt_u64; return !p; }
/* end */

--------------------

have_header: checking for intrin.h... -------------------- no

DYLD_FALLBACK_LIBRARY_PATH=.:/Users/satomi/.rbenv/versions/3.1.4/lib "clang -I/Users/satomi/.rbenv/versions/3.1.4/include/ruby-3.1.0/arm64-darwin24 -I/Users/satomi/.rbenv/versions/3.1.4/include/ruby-3.1.0/ruby/backward -I/Users/satomi/.rbenv/versions/3.1.4/include/ruby-3.1.0 -I. -D_XOPEN_SOURCE -D_DARWIN_C_SOURCE -D_DARWIN_UNLIMITED_SELECT -D_REENTRANT   -fdeclspec -O3 -fno-fast-math -ggdb3 -Wall -Wextra -Wdeprecated-declarations -Wdivision-by-zero -Wimplicit-function-declaration -Wimplicit-int -Wmisleading-indentation -Wpointer-arith -Wshorten-64-to-32 -Wwrite-strings -Wold-style-definition -Wmissing-noreturn -Wno-cast-function-type -Wno-constant-logical-operand -Wno-long-long -Wno-missing-field-initializers -Wno-overlength-strings -Wno-parentheses-equality -Wno-self-assign -Wno-tautological-compare -Wno-unused-parameter -Wno-unused-value -Wunused-variable -Wextra-tokens -Wundef  -fno-common -pipe   -c conftest.c"
In file included from conftest.c:3:
/Library/Developer/CommandLineTools/usr/lib/clang/17/include/intrin.h:12:15: fatal error: 'intrin.h' file not found
   12 | #include_next <intrin.h>
      |               ^~~~~~~~~~
1 error generated.
checked program was:
/* begin */
1: #include "ruby.h"
2: 
3: #include <intrin.h>
/* end */

--------------------

have_func: checking for labs() in stdlib.h... -------------------- yes

DYLD_FALLBACK_LIBRARY_PATH=.:/Users/satomi/.rbenv/versions/3.1.4/lib "clang -o conftest -I/Users/satomi/.rbenv/versions/3.1.4/include/ruby-3.1.0/arm64-darwin24 -I/Users/satomi/.rbenv/versions/3.1.4/include/ruby-3.1.0/ruby/backward -I/Users/satomi/.rbenv/versions/3.1.4/include/ruby-3.1.0 -I. -D_XOPEN_SOURCE -D_DARWIN_C_SOURCE -D_DARWIN_UNLIMITED_SELECT -D_REENTRANT   -fdeclspec -O3 -fno-fast-math -ggdb3 -Wall -Wextra -Wdeprecated-declarations -Wdivision-by-zero -Wimplicit-function-declaration -Wimplicit-int -Wmisleading-indentation -Wpointer-arith -Wshorten-64-to-32 -Wwrite-strings -Wold-style-definition -Wmissing-noreturn -Wno-cast-function-type -Wno-constant-logical-operand -Wno-long-long -Wno-missing-field-initializers -Wno-overlength-strings -Wno-parentheses-equality -Wno-self-assign -Wno-tautological-compare -Wno-unused-parameter -Wno-unused-value -Wunused-variable -Wextra-tokens -Wundef  -fno-common -pipe conftest.c  -L. -L/Users/satomi/.rbenv/versions/3.1.4/lib -L. -fstack-protector-strong     -lruby.3.1   "
ld: warning: ignoring file '/Users/satomi/.rbenv/versions/3.1.4/lib/libruby.3.1.dylib': found architecture 'arm64', required architecture 'x86_64'
checked program was:
/* begin */
 1: #include "ruby.h"
 2: 
 3: #include <stdlib.h>
 4: 
 5: /*top*/
 6: extern int t(void);
 7: int main(int argc, char **argv)
 8: {
 9:   if (argc > 1000000) {
10:     int (* volatile tp)(void)=(int (*)(void))&t;
11:     printf("%d", (*tp)());
12:   }
13: 
14:   return !!argv[argc];
15: }
16: int t(void) { void ((*volatile p)()); p = (void ((*)()))labs; return !p; }
/* end */

--------------------

have_func: checking for llabs() in stdlib.h... -------------------- yes

DYLD_FALLBACK_LIBRARY_PATH=.:/Users/satomi/.rbenv/versions/3.1.4/lib "clang -o conftest -I/Users/satomi/.rbenv/versions/3.1.4/include/ruby-3.1.0/arm64-darwin24 -I/Users/satomi/.rbenv/versions/3.1.4/include/ruby-3.1.0/ruby/backward -I/Users/satomi/.rbenv/versions/3.1.4/include/ruby-3.1.0 -I. -D_XOPEN_SOURCE -D_DARWIN_C_SOURCE -D_DARWIN_UNLIMITED_SELECT -D_REENTRANT   -fdeclspec -O3 -fno-fast-math -ggdb3 -Wall -Wextra -Wdeprecated-declarations -Wdivision-by-zero -Wimplicit-function-declaration -Wimplicit-int -Wmisleading-indentation -Wpointer-arith -Wshorten-64-to-32 -Wwrite-strings -Wold-style-definition -Wmissing-noreturn -Wno-cast-function-type -Wno-constant-logical-operand -Wno-long-long -Wno-missing-field-initializers -Wno-overlength-strings -Wno-parentheses-equality -Wno-self-assign -Wno-tautological-compare -Wno-unused-parameter -Wno-unused-value -Wunused-variable -Wextra-tokens -Wundef  -fno-common -pipe conftest.c  -L. -L/Users/satomi/.rbenv/versions/3.1.4/lib -L. -fstack-protector-strong     -lruby.3.1   "
ld: warning: ignoring file '/Users/satomi/.rbenv/versions/3.1.4/lib/libruby.3.1.dylib': found architecture 'arm64', required architecture 'x86_64'
checked program was:
/* begin */
 1: #include "ruby.h"
 2: 
 3: #include <stdlib.h>
 4: 
 5: /*top*/
 6: extern int t(void);
 7: int main(int argc, char **argv)
 8: {
 9:   if (argc > 1000000) {
10:     int (* volatile tp)(void)=(int (*)(void))&t;
11:     printf("%d", (*tp)());
12:   }
13: 
14:   return !!argv[argc];
15: }
16: int t(void) { void ((*volatile p)()); p = (void ((*)()))llabs; return !p; }
/* end */

--------------------

have_func: checking for finite() in math.h... -------------------- yes

DYLD_FALLBACK_LIBRARY_PATH=.:/Users/satomi/.rbenv/versions/3.1.4/lib "clang -o conftest -I/Users/satomi/.rbenv/versions/3.1.4/include/ruby-3.1.0/arm64-darwin24 -I/Users/satomi/.rbenv/versions/3.1.4/include/ruby-3.1.0/ruby/backward -I/Users/satomi/.rbenv/versions/3.1.4/include/ruby-3.1.0 -I. -D_XOPEN_SOURCE -D_DARWIN_C_SOURCE -D_DARWIN_UNLIMITED_SELECT -D_REENTRANT   -fdeclspec -O3 -fno-fast-math -ggdb3 -Wall -Wextra -Wdeprecated-declarations -Wdivision-by-zero -Wimplicit-function-declaration -Wimplicit-int -Wmisleading-indentation -Wpointer-arith -Wshorten-64-to-32 -Wwrite-strings -Wold-style-definition -Wmissing-noreturn -Wno-cast-function-type -Wno-constant-logical-operand -Wno-long-long -Wno-missing-field-initializers -Wno-overlength-strings -Wno-parentheses-equality -Wno-self-assign -Wno-tautological-compare -Wno-unused-parameter -Wno-unused-value -Wunused-variable -Wextra-tokens -Wundef  -fno-common -pipe conftest.c  -L. -L/Users/satomi/.rbenv/versions/3.1.4/lib -L. -fstack-protector-strong     -lruby.3.1   "
conftest.c:16:57: warning: 'finite' is deprecated: first deprecated in macOS 10.9 - Use `isfinite((double)x)` instead. [-Wdeprecated-declarations]
   16 | int t(void) { void ((*volatile p)()); p = (void ((*)()))finite; return !p; }
      |                                                         ^
/Library/Developer/CommandLineTools/SDKs/MacOSX.sdk/usr/include/math.h:773:12: note: 'finite' has been explicitly marked deprecated here
  773 | extern int finite(double)
      |            ^
1 warning generated.
ld: warning: ignoring file '/Users/satomi/.rbenv/versions/3.1.4/lib/libruby.3.1.dylib': found architecture 'arm64', required architecture 'x86_64'
checked program was:
/* begin */
 1: #include "ruby.h"
 2: 
 3: #include <math.h>
 4: 
 5: /*top*/
 6: extern int t(void);
 7: int main(int argc, char **argv)
 8: {
 9:   if (argc > 1000000) {
10:     int (* volatile tp)(void)=(int (*)(void))&t;
11:     printf("%d", (*tp)());
12:   }
13: 
14:   return !!argv[argc];
15: }
16: int t(void) { void ((*volatile p)()); p = (void ((*)()))finite; return !p; }
/* end */

--------------------

have_func: checking for isfinite() in math.h... -------------------- no

DYLD_FALLBACK_LIBRARY_PATH=.:/Users/satomi/.rbenv/versions/3.1.4/lib "clang -o conftest -I/Users/satomi/.rbenv/versions/3.1.4/include/ruby-3.1.0/arm64-darwin24 -I/Users/satomi/.rbenv/versions/3.1.4/include/ruby-3.1.0/ruby/backward -I/Users/satomi/.rbenv/versions/3.1.4/include/ruby-3.1.0 -I. -D_XOPEN_SOURCE -D_DARWIN_C_SOURCE -D_DARWIN_UNLIMITED_SELECT -D_REENTRANT   -fdeclspec -O3 -fno-fast-math -ggdb3 -Wall -Wextra -Wdeprecated-declarations -Wdivision-by-zero -Wimplicit-function-declaration -Wimplicit-int -Wmisleading-indentation -Wpointer-arith -Wshorten-64-to-32 -Wwrite-strings -Wold-style-definition -Wmissing-noreturn -Wno-cast-function-type -Wno-constant-logical-operand -Wno-long-long -Wno-missing-field-initializers -Wno-overlength-strings -Wno-parentheses-equality -Wno-self-assign -Wno-tautological-compare -Wno-unused-parameter -Wno-unused-value -Wunused-variable -Wextra-tokens -Wundef  -fno-common -pipe conftest.c  -L. -L/Users/satomi/.rbenv/versions/3.1.4/lib -L. -fstack-protector-strong     -lruby.3.1   "
conftest.c:16:57: error: use of undeclared identifier 'isfinite'
   16 | int t(void) { void ((*volatile p)()); p = (void ((*)()))isfinite; return !p; }
      |                                                         ^
1 error generated.
checked program was:
/* begin */
 1: #include "ruby.h"
 2: 
 3: #include <math.h>
 4: 
 5: /*top*/
 6: extern int t(void);
 7: int main(int argc, char **argv)
 8: {
 9:   if (argc > 1000000) {
10:     int (* volatile tp)(void)=(int (*)(void))&t;
11:     printf("%d", (*tp)());
12:   }
13: 
14:   return !!argv[argc];
15: }
16: int t(void) { void ((*volatile p)()); p = (void ((*)()))isfinite; return !p; }
/* end */

DYLD_FALLBACK_LIBRARY_PATH=.:/Users/satomi/.rbenv/versions/3.1.4/lib "clang -o conftest -I/Users/satomi/.rbenv/versions/3.1.4/include/ruby-3.1.0/arm64-darwin24 -I/Users/satomi/.rbenv/versions/3.1.4/include/ruby-3.1.0/ruby/backward -I/Users/satomi/.rbenv/versions/3.1.4/include/ruby-3.1.0 -I. -D_XOPEN_SOURCE -D_DARWIN_C_SOURCE -D_DARWIN_UNLIMITED_SELECT -D_REENTRANT   -fdeclspec -O3 -fno-fast-math -ggdb3 -Wall -Wextra -Wdeprecated-declarations -Wdivision-by-zero -Wimplicit-function-declaration -Wimplicit-int -Wmisleading-indentation -Wpointer-arith -Wshorten-64-to-32 -Wwrite-strings -Wold-style-definition -Wmissing-noreturn -Wno-cast-function-type -Wno-constant-logical-operand -Wno-long-long -Wno-missing-field-initializers -Wno-overlength-strings -Wno-parentheses-equality -Wno-self-assign -Wno-tautological-compare -Wno-unused-parameter -Wno-unused-value -Wunused-variable -Wextra-tokens -Wundef  -fno-common -pipe conftest.c  -L. -L/Users/satomi/.rbenv/versions/3.1.4/lib -L. -fstack-protector-strong     -lruby.3.1   "
conftest.c:16:13: error: expected identifier or '('
   16 | extern void isfinite();
      |             ^
/Library/Developer/CommandLineTools/SDKs/MacOSX.sdk/usr/include/math.h:161:7: note: expanded from macro 'isfinite'
  161 |     ( sizeof(x) == sizeof(float)  ? __inline_isfinitef((float)(x))       \
      |       ^
conftest.c:16:13: error: expected ')'
/Library/Developer/CommandLineTools/SDKs/MacOSX.sdk/usr/include/math.h:161:7: note: expanded from macro 'isfinite'
  161 |     ( sizeof(x) == sizeof(float)  ? __inline_isfinitef((float)(x))       \
      |       ^
conftest.c:16:13: note: to match this '('
/Library/Developer/CommandLineTools/SDKs/MacOSX.sdk/usr/include/math.h:161:5: note: expanded from macro 'isfinite'
  161 |     ( sizeof(x) == sizeof(float)  ? __inline_isfinitef((float)(x))       \
      |     ^
conftest.c:17:15: error: expected expression
   17 | int t(void) { isfinite(); return 0; }
      |               ^
/Library/Developer/CommandLineTools/SDKs/MacOSX.sdk/usr/include/math.h:161:15: note: expanded from macro 'isfinite'
  161 |     ( sizeof(x) == sizeof(float)  ? __inline_isfinitef((float)(x))       \
      |               ^
conftest.c:17:15: error: expected expression
/Library/Developer/CommandLineTools/SDKs/MacOSX.sdk/usr/include/math.h:161:65: note: expanded from macro 'isfinite'
  161 |     ( sizeof(x) == sizeof(float)  ? __inline_isfinitef((float)(x))       \
      |                                                                 ^
conftest.c:17:15: error: expected expression
/Library/Developer/CommandLineTools/SDKs/MacOSX.sdk/usr/include/math.h:162:15: note: expanded from macro 'isfinite'
  162 |     : sizeof(x) == sizeof(double) ? __inline_isfinited((double)(x))      \
      |               ^
conftest.c:17:15: error: expected expression
/Library/Developer/CommandLineTools/SDKs/MacOSX.sdk/usr/include/math.h:162:66: note: expanded from macro 'isfinite'
  162 |     : sizeof(x) == sizeof(double) ? __inline_isfinited((double)(x))      \
      |                                                                  ^
conftest.c:17:15: error: expected expression
/Library/Developer/CommandLineTools/SDKs/MacOSX.sdk/usr/include/math.h:163:71: note: expanded from macro 'isfinite'
  163 |                                   : __inline_isfinitel((long double)(x)))
      |                                                                       ^
7 errors generated.
checked program was:
/* begin */
 1: #include "ruby.h"
 2: 
 3: #include <math.h>
 4: 
 5: /*top*/
 6: extern int t(void);
 7: int main(int argc, char **argv)
 8: {
 9:   if (argc > 1000000) {
10:     int (* volatile tp)(void)=(int (*)(void))&t;
11:     printf("%d", (*tp)());
12:   }
13: 
14:   return !!argv[argc];
15: }
16: extern void isfinite();
17: int t(void) { isfinite(); return 0; }
/* end */

--------------------

have_header: checking for ruby/atomic.h... -------------------- yes

DYLD_FALLBACK_LIBRARY_PATH=.:/Users/satomi/.rbenv/versions/3.1.4/lib "clang -I/Users/satomi/.rbenv/versions/3.1.4/include/ruby-3.1.0/arm64-darwin24 -I/Users/satomi/.rbenv/versions/3.1.4/include/ruby-3.1.0/ruby/backward -I/Users/satomi/.rbenv/versions/3.1.4/include/ruby-3.1.0 -I. -D_XOPEN_SOURCE -D_DARWIN_C_SOURCE -D_DARWIN_UNLIMITED_SELECT -D_REENTRANT   -fdeclspec -O3 -fno-fast-math -ggdb3 -Wall -Wextra -Wdeprecated-declarations -Wdivision-by-zero -Wimplicit-function-declaration -Wimplicit-int -Wmisleading-indentation -Wpointer-arith -Wshorten-64-to-32 -Wwrite-strings -Wold-style-definition -Wmissing-noreturn -Wno-cast-function-type -Wno-constant-logical-operand -Wno-long-long -Wno-missing-field-initializers -Wno-overlength-strings -Wno-parentheses-equality -Wno-self-assign -Wno-tautological-compare -Wno-unused-parameter -Wno-unused-value -Wunused-variable -Wextra-tokens -Wundef  -fno-common -pipe   -c conftest.c"
checked program was:
/* begin */
1: #include "ruby.h"
2: 
3: #include <ruby/atomic.h>
/* end */

--------------------

have_header: checking for ruby/internal/has/builtin.h... -------------------- yes

DYLD_FALLBACK_LIBRARY_PATH=.:/Users/satomi/.rbenv/versions/3.1.4/lib "clang -I/Users/satomi/.rbenv/versions/3.1.4/include/ruby-3.1.0/arm64-darwin24 -I/Users/satomi/.rbenv/versions/3.1.4/include/ruby-3.1.0/ruby/backward -I/Users/satomi/.rbenv/versions/3.1.4/include/ruby-3.1.0 -I. -D_XOPEN_SOURCE -D_DARWIN_C_SOURCE -D_DARWIN_UNLIMITED_SELECT -D_REENTRANT   -fdeclspec -O3 -fno-fast-math -ggdb3 -Wall -Wextra -Wdeprecated-declarations -Wdivision-by-zero -Wimplicit-function-declaration -Wimplicit-int -Wmisleading-indentation -Wpointer-arith -Wshorten-64-to-32 -Wwrite-strings -Wold-style-definition -Wmissing-noreturn -Wno-cast-function-type -Wno-constant-logical-operand -Wno-long-long -Wno-missing-field-initializers -Wno-overlength-strings -Wno-parentheses-equality -Wno-self-assign -Wno-tautological-compare -Wno-unused-parameter -Wno-unused-value -Wunused-variable -Wextra-tokens -Wundef  -fno-common -pipe   -c conftest.c"
checked program was:
/* begin */
1: #include "ruby.h"
2: 
3: #include <ruby/internal/has/builtin.h>
/* end */

--------------------

have_header: checking for ruby/internal/static_assert.h... -------------------- yes

DYLD_FALLBACK_LIBRARY_PATH=.:/Users/satomi/.rbenv/versions/3.1.4/lib "clang -I/Users/satomi/.rbenv/versions/3.1.4/include/ruby-3.1.0/arm64-darwin24 -I/Users/satomi/.rbenv/versions/3.1.4/include/ruby-3.1.0/ruby/backward -I/Users/satomi/.rbenv/versions/3.1.4/include/ruby-3.1.0 -I. -D_XOPEN_SOURCE -D_DARWIN_C_SOURCE -D_DARWIN_UNLIMITED_SELECT -D_REENTRANT   -fdeclspec -O3 -fno-fast-math -ggdb3 -Wall -Wextra -Wdeprecated-declarations -Wdivision-by-zero -Wimplicit-function-declaration -Wimplicit-int -Wmisleading-indentation -Wpointer-arith -Wshorten-64-to-32 -Wwrite-strings -Wold-style-definition -Wmissing-noreturn -Wno-cast-function-type -Wno-constant-logical-operand -Wno-long-long -Wno-missing-field-initializers -Wno-overlength-strings -Wno-parentheses-equality -Wno-self-assign -Wno-tautological-compare -Wno-unused-parameter -Wno-unused-value -Wunused-variable -Wextra-tokens -Wundef  -fno-common -pipe   -c conftest.c"
checked program was:
/* begin */
1: #include "ruby.h"
2: 
3: #include <ruby/internal/static_assert.h>
/* end */

--------------------

have_func: checking for rb_rational_num() in ruby.h... -------------------- no

DYLD_FALLBACK_LIBRARY_PATH=.:/Users/satomi/.rbenv/versions/3.1.4/lib "clang -o conftest -I/Users/satomi/.rbenv/versions/3.1.4/include/ruby-3.1.0/arm64-darwin24 -I/Users/satomi/.rbenv/versions/3.1.4/include/ruby-3.1.0/ruby/backward -I/Users/satomi/.rbenv/versions/3.1.4/include/ruby-3.1.0 -I. -D_XOPEN_SOURCE -D_DARWIN_C_SOURCE -D_DARWIN_UNLIMITED_SELECT -D_REENTRANT   -fdeclspec -O3 -fno-fast-math -ggdb3 -Wall -Wextra -Wdeprecated-declarations -Wdivision-by-zero -Wimplicit-function-declaration -Wimplicit-int -Wmisleading-indentation -Wpointer-arith -Wshorten-64-to-32 -Wwrite-strings -Wold-style-definition -Wmissing-noreturn -Wno-cast-function-type -Wno-constant-logical-operand -Wno-long-long -Wno-missing-field-initializers -Wno-overlength-strings -Wno-parentheses-equality -Wno-self-assign -Wno-tautological-compare -Wno-unused-parameter -Wno-unused-value -Wunused-variable -Wextra-tokens -Wundef  -fno-common -pipe conftest.c  -L. -L/Users/satomi/.rbenv/versions/3.1.4/lib -L. -fstack-protector-strong     -lruby.3.1   "
ld: warning: ignoring file '/Users/satomi/.rbenv/versions/3.1.4/lib/libruby.3.1.dylib': found architecture 'arm64', required architecture 'x86_64'
Undefined symbols for architecture x86_64:
  "_rb_rational_num", referenced from:
      _t in conftest-795ef2.o
ld: symbol(s) not found for architecture x86_64
clang: error: linker command failed with exit code 1 (use -v to see invocation)
checked program was:
/* begin */
 1: #include "ruby.h"
 2: 
 3: #include <ruby.h>
 4: 
 5: /*top*/
 6: extern int t(void);
 7: int main(int argc, char **argv)
 8: {
 9:   if (argc > 1000000) {
10:     int (* volatile tp)(void)=(int (*)(void))&t;
11:     printf("%d", (*tp)());
12:   }
13: 
14:   return !!argv[argc];
15: }
16: int t(void) { void ((*volatile p)()); p = (void ((*)()))rb_rational_num; return !p; }
/* end */

DYLD_FALLBACK_LIBRARY_PATH=.:/Users/satomi/.rbenv/versions/3.1.4/lib "clang -o conftest -I/Users/satomi/.rbenv/versions/3.1.4/include/ruby-3.1.0/arm64-darwin24 -I/Users/satomi/.rbenv/versions/3.1.4/include/ruby-3.1.0/ruby/backward -I/Users/satomi/.rbenv/versions/3.1.4/include/ruby-3.1.0 -I. -D_XOPEN_SOURCE -D_DARWIN_C_SOURCE -D_DARWIN_UNLIMITED_SELECT -D_REENTRANT   -fdeclspec -O3 -fno-fast-math -ggdb3 -Wall -Wextra -Wdeprecated-declarations -Wdivision-by-zero -Wimplicit-function-declaration -Wimplicit-int -Wmisleading-indentation -Wpointer-arith -Wshorten-64-to-32 -Wwrite-strings -Wold-style-definition -Wmissing-noreturn -Wno-cast-function-type -Wno-constant-logical-operand -Wno-long-long -Wno-missing-field-initializers -Wno-overlength-strings -Wno-parentheses-equality -Wno-self-assign -Wno-tautological-compare -Wno-unused-parameter -Wno-unused-value -Wunused-variable -Wextra-tokens -Wundef  -fno-common -pipe conftest.c  -L. -L/Users/satomi/.rbenv/versions/3.1.4/lib -L. -fstack-protector-strong     -lruby.3.1   "
conftest.c:16:13: warning: a function declaration without a prototype is deprecated in all versions of C and is treated as a zero-parameter prototype in C23, conflicting with a previous declaration [-Wdeprecated-non-prototype]
   16 | extern void rb_rational_num();
      |             ^
/Users/satomi/.rbenv/versions/3.1.4/include/ruby-3.1.0/ruby/internal/intern/rational.h:128:7: note: conflicting prototype is here
  128 | VALUE rb_rational_num(VALUE rat);
      |       ^
conftest.c:16:13: error: conflicting types for 'rb_rational_num'
   16 | extern void rb_rational_num();
      |             ^
/Users/satomi/.rbenv/versions/3.1.4/include/ruby-3.1.0/ruby/internal/intern/rational.h:128:7: note: previous declaration is here
  128 | VALUE rb_rational_num(VALUE rat);
      |       ^
conftest.c:17:31: error: too few arguments to function call, single argument 'rat' was not specified
   17 | int t(void) { rb_rational_num(); return 0; }
      |               ~~~~~~~~~~~~~~~ ^
/Users/satomi/.rbenv/versions/3.1.4/include/ruby-3.1.0/ruby/internal/intern/rational.h:128:7: note: 'rb_rational_num' declared here
  128 | VALUE rb_rational_num(VALUE rat);
      |       ^               ~~~~~~~~~
1 warning and 2 errors generated.
checked program was:
/* begin */
 1: #include "ruby.h"
 2: 
 3: #include <ruby.h>
 4: 
 5: /*top*/
 6: extern int t(void);
 7: int main(int argc, char **argv)
 8: {
 9:   if (argc > 1000000) {
10:     int (* volatile tp)(void)=(int (*)(void))&t;
11:     printf("%d", (*tp)());
12:   }
13: 
14:   return !!argv[argc];
15: }
16: extern void rb_rational_num();
17: int t(void) { rb_rational_num(); return 0; }
/* end */

--------------------

have_func: checking for rb_rational_den() in ruby.h... -------------------- no

DYLD_FALLBACK_LIBRARY_PATH=.:/Users/satomi/.rbenv/versions/3.1.4/lib "clang -o conftest -I/Users/satomi/.rbenv/versions/3.1.4/include/ruby-3.1.0/arm64-darwin24 -I/Users/satomi/.rbenv/versions/3.1.4/include/ruby-3.1.0/ruby/backward -I/Users/satomi/.rbenv/versions/3.1.4/include/ruby-3.1.0 -I. -D_XOPEN_SOURCE -D_DARWIN_C_SOURCE -D_DARWIN_UNLIMITED_SELECT -D_REENTRANT   -fdeclspec -O3 -fno-fast-math -ggdb3 -Wall -Wextra -Wdeprecated-declarations -Wdivision-by-zero -Wimplicit-function-declaration -Wimplicit-int -Wmisleading-indentation -Wpointer-arith -Wshorten-64-to-32 -Wwrite-strings -Wold-style-definition -Wmissing-noreturn -Wno-cast-function-type -Wno-constant-logical-operand -Wno-long-long -Wno-missing-field-initializers -Wno-overlength-strings -Wno-parentheses-equality -Wno-self-assign -Wno-tautological-compare -Wno-unused-parameter -Wno-unused-value -Wunused-variable -Wextra-tokens -Wundef  -fno-common -pipe conftest.c  -L. -L/Users/satomi/.rbenv/versions/3.1.4/lib -L. -fstack-protector-strong     -lruby.3.1   "
ld: warning: ignoring file '/Users/satomi/.rbenv/versions/3.1.4/lib/libruby.3.1.dylib': found architecture 'arm64', required architecture 'x86_64'
Undefined symbols for architecture x86_64:
  "_rb_rational_den", referenced from:
      _t in conftest-1575e6.o
ld: symbol(s) not found for architecture x86_64
clang: error: linker command failed with exit code 1 (use -v to see invocation)
checked program was:
/* begin */
 1: #include "ruby.h"
 2: 
 3: #include <ruby.h>
 4: 
 5: /*top*/
 6: extern int t(void);
 7: int main(int argc, char **argv)
 8: {
 9:   if (argc > 1000000) {
10:     int (* volatile tp)(void)=(int (*)(void))&t;
11:     printf("%d", (*tp)());
12:   }
13: 
14:   return !!argv[argc];
15: }
16: int t(void) { void ((*volatile p)()); p = (void ((*)()))rb_rational_den; return !p; }
/* end */

DYLD_FALLBACK_LIBRARY_PATH=.:/Users/satomi/.rbenv/versions/3.1.4/lib "clang -o conftest -I/Users/satomi/.rbenv/versions/3.1.4/include/ruby-3.1.0/arm64-darwin24 -I/Users/satomi/.rbenv/versions/3.1.4/include/ruby-3.1.0/ruby/backward -I/Users/satomi/.rbenv/versions/3.1.4/include/ruby-3.1.0 -I. -D_XOPEN_SOURCE -D_DARWIN_C_SOURCE -D_DARWIN_UNLIMITED_SELECT -D_REENTRANT   -fdeclspec -O3 -fno-fast-math -ggdb3 -Wall -Wextra -Wdeprecated-declarations -Wdivision-by-zero -Wimplicit-function-declaration -Wimplicit-int -Wmisleading-indentation -Wpointer-arith -Wshorten-64-to-32 -Wwrite-strings -Wold-style-definition -Wmissing-noreturn -Wno-cast-function-type -Wno-constant-logical-operand -Wno-long-long -Wno-missing-field-initializers -Wno-overlength-strings -Wno-parentheses-equality -Wno-self-assign -Wno-tautological-compare -Wno-unused-parameter -Wno-unused-value -Wunused-variable -Wextra-tokens -Wundef  -fno-common -pipe conftest.c  -L. -L/Users/satomi/.rbenv/versions/3.1.4/lib -L. -fstack-protector-strong     -lruby.3.1   "
conftest.c:16:13: warning: a function declaration without a prototype is deprecated in all versions of C and is treated as a zero-parameter prototype in C23, conflicting with a previous declaration [-Wdeprecated-non-prototype]
   16 | extern void rb_rational_den();
      |             ^
/Users/satomi/.rbenv/versions/3.1.4/include/ruby-3.1.0/ruby/internal/intern/rational.h:138:7: note: conflicting prototype is here
  138 | VALUE rb_rational_den(VALUE rat);
      |       ^
conftest.c:16:13: error: conflicting types for 'rb_rational_den'
   16 | extern void rb_rational_den();
      |             ^
/Users/satomi/.rbenv/versions/3.1.4/include/ruby-3.1.0/ruby/internal/intern/rational.h:138:7: note: previous declaration is here
  138 | VALUE rb_rational_den(VALUE rat);
      |       ^
conftest.c:17:31: error: too few arguments to function call, single argument 'rat' was not specified
   17 | int t(void) { rb_rational_den(); return 0; }
      |               ~~~~~~~~~~~~~~~ ^
/Users/satomi/.rbenv/versions/3.1.4/include/ruby-3.1.0/ruby/internal/intern/rational.h:138:7: note: 'rb_rational_den' declared here
  138 | VALUE rb_rational_den(VALUE rat);
      |       ^               ~~~~~~~~~
1 warning and 2 errors generated.
checked program was:
/* begin */
 1: #include "ruby.h"
 2: 
 3: #include <ruby.h>
 4: 
 5: /*top*/
 6: extern int t(void);
 7: int main(int argc, char **argv)
 8: {
 9:   if (argc > 1000000) {
10:     int (* volatile tp)(void)=(int (*)(void))&t;
11:     printf("%d", (*tp)());
12:   }
13: 
14:   return !!argv[argc];
15: }
16: extern void rb_rational_den();
17: int t(void) { rb_rational_den(); return 0; }
/* end */

--------------------

have_func: checking for rb_complex_real() in ruby.h... -------------------- no

DYLD_FALLBACK_LIBRARY_PATH=.:/Users/satomi/.rbenv/versions/3.1.4/lib "clang -o conftest -I/Users/satomi/.rbenv/versions/3.1.4/include/ruby-3.1.0/arm64-darwin24 -I/Users/satomi/.rbenv/versions/3.1.4/include/ruby-3.1.0/ruby/backward -I/Users/satomi/.rbenv/versions/3.1.4/include/ruby-3.1.0 -I. -D_XOPEN_SOURCE -D_DARWIN_C_SOURCE -D_DARWIN_UNLIMITED_SELECT -D_REENTRANT   -fdeclspec -O3 -fno-fast-math -ggdb3 -Wall -Wextra -Wdeprecated-declarations -Wdivision-by-zero -Wimplicit-function-declaration -Wimplicit-int -Wmisleading-indentation -Wpointer-arith -Wshorten-64-to-32 -Wwrite-strings -Wold-style-definition -Wmissing-noreturn -Wno-cast-function-type -Wno-constant-logical-operand -Wno-long-long -Wno-missing-field-initializers -Wno-overlength-strings -Wno-parentheses-equality -Wno-self-assign -Wno-tautological-compare -Wno-unused-parameter -Wno-unused-value -Wunused-variable -Wextra-tokens -Wundef  -fno-common -pipe conftest.c  -L. -L/Users/satomi/.rbenv/versions/3.1.4/lib -L. -fstack-protector-strong     -lruby.3.1   "
ld: warning: ignoring file '/Users/satomi/.rbenv/versions/3.1.4/lib/libruby.3.1.dylib': found architecture 'arm64', required architecture 'x86_64'
Undefined symbols for architecture x86_64:
  "_rb_complex_real", referenced from:
      _t in conftest-d82d53.o
ld: symbol(s) not found for architecture x86_64
clang: error: linker command failed with exit code 1 (use -v to see invocation)
checked program was:
/* begin */
 1: #include "ruby.h"
 2: 
 3: #include <ruby.h>
 4: 
 5: /*top*/
 6: extern int t(void);
 7: int main(int argc, char **argv)
 8: {
 9:   if (argc > 1000000) {
10:     int (* volatile tp)(void)=(int (*)(void))&t;
11:     printf("%d", (*tp)());
12:   }
13: 
14:   return !!argv[argc];
15: }
16: int t(void) { void ((*volatile p)()); p = (void ((*)()))rb_complex_real; return !p; }
/* end */

DYLD_FALLBACK_LIBRARY_PATH=.:/Users/satomi/.rbenv/versions/3.1.4/lib "clang -o conftest -I/Users/satomi/.rbenv/versions/3.1.4/include/ruby-3.1.0/arm64-darwin24 -I/Users/satomi/.rbenv/versions/3.1.4/include/ruby-3.1.0/ruby/backward -I/Users/satomi/.rbenv/versions/3.1.4/include/ruby-3.1.0 -I. -D_XOPEN_SOURCE -D_DARWIN_C_SOURCE -D_DARWIN_UNLIMITED_SELECT -D_REENTRANT   -fdeclspec -O3 -fno-fast-math -ggdb3 -Wall -Wextra -Wdeprecated-declarations -Wdivision-by-zero -Wimplicit-function-declaration -Wimplicit-int -Wmisleading-indentation -Wpointer-arith -Wshorten-64-to-32 -Wwrite-strings -Wold-style-definition -Wmissing-noreturn -Wno-cast-function-type -Wno-constant-logical-operand -Wno-long-long -Wno-missing-field-initializers -Wno-overlength-strings -Wno-parentheses-equality -Wno-self-assign -Wno-tautological-compare -Wno-unused-parameter -Wno-unused-value -Wunused-variable -Wextra-tokens -Wundef  -fno-common -pipe conftest.c  -L. -L/Users/satomi/.rbenv/versions/3.1.4/lib -L. -fstack-protector-strong     -lruby.3.1   "
conftest.c:16:13: warning: a function declaration without a prototype is deprecated in all versions of C and is treated as a zero-parameter prototype in C23, conflicting with a previous declaration [-Wdeprecated-non-prototype]
   16 | extern void rb_complex_real();
      |             ^
/Users/satomi/.rbenv/versions/3.1.4/include/ruby-3.1.0/ruby/internal/intern/complex.h:101:7: note: conflicting prototype is here
  101 | VALUE rb_complex_real(VALUE z);
      |       ^
conftest.c:16:13: error: conflicting types for 'rb_complex_real'
   16 | extern void rb_complex_real();
      |             ^
/Users/satomi/.rbenv/versions/3.1.4/include/ruby-3.1.0/ruby/internal/intern/complex.h:101:7: note: previous declaration is here
  101 | VALUE rb_complex_real(VALUE z);
      |       ^
conftest.c:17:31: error: too few arguments to function call, single argument 'z' was not specified
   17 | int t(void) { rb_complex_real(); return 0; }
      |               ~~~~~~~~~~~~~~~ ^
/Users/satomi/.rbenv/versions/3.1.4/include/ruby-3.1.0/ruby/internal/intern/complex.h:101:7: note: 'rb_complex_real' declared here
  101 | VALUE rb_complex_real(VALUE z);
      |       ^               ~~~~~~~
1 warning and 2 errors generated.
checked program was:
/* begin */
 1: #include "ruby.h"
 2: 
 3: #include <ruby.h>
 4: 
 5: /*top*/
 6: extern int t(void);
 7: int main(int argc, char **argv)
 8: {
 9:   if (argc > 1000000) {
10:     int (* volatile tp)(void)=(int (*)(void))&t;
11:     printf("%d", (*tp)());
12:   }
13: 
14:   return !!argv[argc];
15: }
16: extern void rb_complex_real();
17: int t(void) { rb_complex_real(); return 0; }
/* end */

--------------------

have_func: checking for rb_complex_imag() in ruby.h... -------------------- no

DYLD_FALLBACK_LIBRARY_PATH=.:/Users/satomi/.rbenv/versions/3.1.4/lib "clang -o conftest -I/Users/satomi/.rbenv/versions/3.1.4/include/ruby-3.1.0/arm64-darwin24 -I/Users/satomi/.rbenv/versions/3.1.4/include/ruby-3.1.0/ruby/backward -I/Users/satomi/.rbenv/versions/3.1.4/include/ruby-3.1.0 -I. -D_XOPEN_SOURCE -D_DARWIN_C_SOURCE -D_DARWIN_UNLIMITED_SELECT -D_REENTRANT   -fdeclspec -O3 -fno-fast-math -ggdb3 -Wall -Wextra -Wdeprecated-declarations -Wdivision-by-zero -Wimplicit-function-declaration -Wimplicit-int -Wmisleading-indentation -Wpointer-arith -Wshorten-64-to-32 -Wwrite-strings -Wold-style-definition -Wmissing-noreturn -Wno-cast-function-type -Wno-constant-logical-operand -Wno-long-long -Wno-missing-field-initializers -Wno-overlength-strings -Wno-parentheses-equality -Wno-self-assign -Wno-tautological-compare -Wno-unused-parameter -Wno-unused-value -Wunused-variable -Wextra-tokens -Wundef  -fno-common -pipe conftest.c  -L. -L/Users/satomi/.rbenv/versions/3.1.4/lib -L. -fstack-protector-strong     -lruby.3.1   "
ld: warning: ignoring file '/Users/satomi/.rbenv/versions/3.1.4/lib/libruby.3.1.dylib': found architecture 'arm64', required architecture 'x86_64'
Undefined symbols for architecture x86_64:
  "_rb_complex_imag", referenced from:
      _t in conftest-991644.o
ld: symbol(s) not found for architecture x86_64
clang: error: linker command failed with exit code 1 (use -v to see invocation)
checked program was:
/* begin */
 1: #include "ruby.h"
 2: 
 3: #include <ruby.h>
 4: 
 5: /*top*/
 6: extern int t(void);
 7: int main(int argc, char **argv)
 8: {
 9:   if (argc > 1000000) {
10:     int (* volatile tp)(void)=(int (*)(void))&t;
11:     printf("%d", (*tp)());
12:   }
13: 
14:   return !!argv[argc];
15: }
16: int t(void) { void ((*volatile p)()); p = (void ((*)()))rb_complex_imag; return !p; }
/* end */

DYLD_FALLBACK_LIBRARY_PATH=.:/Users/satomi/.rbenv/versions/3.1.4/lib "clang -o conftest -I/Users/satomi/.rbenv/versions/3.1.4/include/ruby-3.1.0/arm64-darwin24 -I/Users/satomi/.rbenv/versions/3.1.4/include/ruby-3.1.0/ruby/backward -I/Users/satomi/.rbenv/versions/3.1.4/include/ruby-3.1.0 -I. -D_XOPEN_SOURCE -D_DARWIN_C_SOURCE -D_DARWIN_UNLIMITED_SELECT -D_REENTRANT   -fdeclspec -O3 -fno-fast-math -ggdb3 -Wall -Wextra -Wdeprecated-declarations -Wdivision-by-zero -Wimplicit-function-declaration -Wimplicit-int -Wmisleading-indentation -Wpointer-arith -Wshorten-64-to-32 -Wwrite-strings -Wold-style-definition -Wmissing-noreturn -Wno-cast-function-type -Wno-constant-logical-operand -Wno-long-long -Wno-missing-field-initializers -Wno-overlength-strings -Wno-parentheses-equality -Wno-self-assign -Wno-tautological-compare -Wno-unused-parameter -Wno-unused-value -Wunused-variable -Wextra-tokens -Wundef  -fno-common -pipe conftest.c  -L. -L/Users/satomi/.rbenv/versions/3.1.4/lib -L. -fstack-protector-strong     -lruby.3.1   "
conftest.c:16:13: warning: a function declaration without a prototype is deprecated in all versions of C and is treated as a zero-parameter prototype in C23, conflicting with a previous declaration [-Wdeprecated-non-prototype]
   16 | extern void rb_complex_imag();
      |             ^
/Users/satomi/.rbenv/versions/3.1.4/include/ruby-3.1.0/ruby/internal/intern/complex.h:110:7: note: conflicting prototype is here
  110 | VALUE rb_complex_imag(VALUE z);
      |       ^
conftest.c:16:13: error: conflicting types for 'rb_complex_imag'
   16 | extern void rb_complex_imag();
      |             ^
/Users/satomi/.rbenv/versions/3.1.4/include/ruby-3.1.0/ruby/internal/intern/complex.h:110:7: note: previous declaration is here
  110 | VALUE rb_complex_imag(VALUE z);
      |       ^
conftest.c:17:31: error: too few arguments to function call, single argument 'z' was not specified
   17 | int t(void) { rb_complex_imag(); return 0; }
      |               ~~~~~~~~~~~~~~~ ^
/Users/satomi/.rbenv/versions/3.1.4/include/ruby-3.1.0/ruby/internal/intern/complex.h:110:7: note: 'rb_complex_imag' declared here
  110 | VALUE rb_complex_imag(VALUE z);
      |       ^               ~~~~~~~
1 warning and 2 errors generated.
checked program was:
/* begin */
 1: #include "ruby.h"
 2: 
 3: #include <ruby.h>
 4: 
 5: /*top*/
 6: extern int t(void);
 7: int main(int argc, char **argv)
 8: {
 9:   if (argc > 1000000) {
10:     int (* volatile tp)(void)=(int (*)(void))&t;
11:     printf("%d", (*tp)());
12:   }
13: 
14:   return !!argv[argc];
15: }
16: extern void rb_complex_imag();
17: int t(void) { rb_complex_imag(); return 0; }
/* end */

--------------------

have_func: checking for rb_opts_exception_p() in ruby.h... -------------------- no

DYLD_FALLBACK_LIBRARY_PATH=.:/Users/satomi/.rbenv/versions/3.1.4/lib "clang -o conftest -I/Users/satomi/.rbenv/versions/3.1.4/include/ruby-3.1.0/arm64-darwin24 -I/Users/satomi/.rbenv/versions/3.1.4/include/ruby-3.1.0/ruby/backward -I/Users/satomi/.rbenv/versions/3.1.4/include/ruby-3.1.0 -I. -D_XOPEN_SOURCE -D_DARWIN_C_SOURCE -D_DARWIN_UNLIMITED_SELECT -D_REENTRANT   -fdeclspec -O3 -fno-fast-math -ggdb3 -Wall -Wextra -Wdeprecated-declarations -Wdivision-by-zero -Wimplicit-function-declaration -Wimplicit-int -Wmisleading-indentation -Wpointer-arith -Wshorten-64-to-32 -Wwrite-strings -Wold-style-definition -Wmissing-noreturn -Wno-cast-function-type -Wno-constant-logical-operand -Wno-long-long -Wno-missing-field-initializers -Wno-overlength-strings -Wno-parentheses-equality -Wno-self-assign -Wno-tautological-compare -Wno-unused-parameter -Wno-unused-value -Wunused-variable -Wextra-tokens -Wundef  -fno-common -pipe conftest.c  -L. -L/Users/satomi/.rbenv/versions/3.1.4/lib -L. -fstack-protector-strong     -lruby.3.1   "
conftest.c:16:57: error: use of undeclared identifier 'rb_opts_exception_p'
   16 | int t(void) { void ((*volatile p)()); p = (void ((*)()))rb_opts_exception_p; return !p; }
      |                                                         ^
1 error generated.
checked program was:
/* begin */
 1: #include "ruby.h"
 2: 
 3: #include <ruby.h>
 4: 
 5: /*top*/
 6: extern int t(void);
 7: int main(int argc, char **argv)
 8: {
 9:   if (argc > 1000000) {
10:     int (* volatile tp)(void)=(int (*)(void))&t;
11:     printf("%d", (*tp)());
12:   }
13: 
14:   return !!argv[argc];
15: }
16: int t(void) { void ((*volatile p)()); p = (void ((*)()))rb_opts_exception_p; return !p; }
/* end */

DYLD_FALLBACK_LIBRARY_PATH=.:/Users/satomi/.rbenv/versions/3.1.4/lib "clang -o conftest -I/Users/satomi/.rbenv/versions/3.1.4/include/ruby-3.1.0/arm64-darwin24 -I/Users/satomi/.rbenv/versions/3.1.4/include/ruby-3.1.0/ruby/backward -I/Users/satomi/.rbenv/versions/3.1.4/include/ruby-3.1.0 -I. -D_XOPEN_SOURCE -D_DARWIN_C_SOURCE -D_DARWIN_UNLIMITED_SELECT -D_REENTRANT   -fdeclspec -O3 -fno-fast-math -ggdb3 -Wall -Wextra -Wdeprecated-declarations -Wdivision-by-zero -Wimplicit-function-declaration -Wimplicit-int -Wmisleading-indentation -Wpointer-arith -Wshorten-64-to-32 -Wwrite-strings -Wold-style-definition -Wmissing-noreturn -Wno-cast-function-type -Wno-constant-logical-operand -Wno-long-long -Wno-missing-field-initializers -Wno-overlength-strings -Wno-parentheses-equality -Wno-self-assign -Wno-tautological-compare -Wno-unused-parameter -Wno-unused-value -Wunused-variable -Wextra-tokens -Wundef  -fno-common -pipe conftest.c  -L. -L/Users/satomi/.rbenv/versions/3.1.4/lib -L. -fstack-protector-strong     -lruby.3.1   "
ld: warning: ignoring file '/Users/satomi/.rbenv/versions/3.1.4/lib/libruby.3.1.dylib': found architecture 'arm64', required architecture 'x86_64'
Undefined symbols for architecture x86_64:
  "_rb_opts_exception_p", referenced from:
      _t in conftest-9f704c.o
ld: symbol(s) not found for architecture x86_64
clang: error: linker command failed with exit code 1 (use -v to see invocation)
checked program was:
/* begin */
 1: #include "ruby.h"
 2: 
 3: #include <ruby.h>
 4: 
 5: /*top*/
 6: extern int t(void);
 7: int main(int argc, char **argv)
 8: {
 9:   if (argc > 1000000) {
10:     int (* volatile tp)(void)=(int (*)(void))&t;
11:     printf("%d", (*tp)());
12:   }
13: 
14:   return !!argv[argc];
15: }
16: extern void rb_opts_exception_p();
17: int t(void) { rb_opts_exception_p(); return 0; }
/* end */

--------------------

have_func: checking for rb_category_warn() in ruby.h... -------------------- no

DYLD_FALLBACK_LIBRARY_PATH=.:/Users/satomi/.rbenv/versions/3.1.4/lib "clang -o conftest -I/Users/satomi/.rbenv/versions/3.1.4/include/ruby-3.1.0/arm64-darwin24 -I/Users/satomi/.rbenv/versions/3.1.4/include/ruby-3.1.0/ruby/backward -I/Users/satomi/.rbenv/versions/3.1.4/include/ruby-3.1.0 -I. -D_XOPEN_SOURCE -D_DARWIN_C_SOURCE -D_DARWIN_UNLIMITED_SELECT -D_REENTRANT   -fdeclspec -O3 -fno-fast-math -ggdb3 -Wall -Wextra -Wdeprecated-declarations -Wdivision-by-zero -Wimplicit-function-declaration -Wimplicit-int -Wmisleading-indentation -Wpointer-arith -Wshorten-64-to-32 -Wwrite-strings -Wold-style-definition -Wmissing-noreturn -Wno-cast-function-type -Wno-constant-logical-operand -Wno-long-long -Wno-missing-field-initializers -Wno-overlength-strings -Wno-parentheses-equality -Wno-self-assign -Wno-tautological-compare -Wno-unused-parameter -Wno-unused-value -Wunused-variable -Wextra-tokens -Wundef  -fno-common -pipe conftest.c  -L. -L/Users/satomi/.rbenv/versions/3.1.4/lib -L. -fstack-protector-strong     -lruby.3.1   "
ld: warning: ignoring file '/Users/satomi/.rbenv/versions/3.1.4/lib/libruby.3.1.dylib': found architecture 'arm64', required architecture 'x86_64'
Undefined symbols for architecture x86_64:
  "_rb_category_warn", referenced from:
      _t in conftest-007691.o
ld: symbol(s) not found for architecture x86_64
clang: error: linker command failed with exit code 1 (use -v to see invocation)
checked program was:
/* begin */
 1: #include "ruby.h"
 2: 
 3: #include <ruby.h>
 4: 
 5: /*top*/
 6: extern int t(void);
 7: int main(int argc, char **argv)
 8: {
 9:   if (argc > 1000000) {
10:     int (* volatile tp)(void)=(int (*)(void))&t;
11:     printf("%d", (*tp)());
12:   }
13: 
14:   return !!argv[argc];
15: }
16: int t(void) { void ((*volatile p)()); p = (void ((*)()))rb_category_warn; return !p; }
/* end */

DYLD_FALLBACK_LIBRARY_PATH=.:/Users/satomi/.rbenv/versions/3.1.4/lib "clang -o conftest -I/Users/satomi/.rbenv/versions/3.1.4/include/ruby-3.1.0/arm64-darwin24 -I/Users/satomi/.rbenv/versions/3.1.4/include/ruby-3.1.0/ruby/backward -I/Users/satomi/.rbenv/versions/3.1.4/include/ruby-3.1.0 -I. -D_XOPEN_SOURCE -D_DARWIN_C_SOURCE -D_DARWIN_UNLIMITED_SELECT -D_REENTRANT   -fdeclspec -O3 -fno-fast-math -ggdb3 -Wall -Wextra -Wdeprecated-declarations -Wdivision-by-zero -Wimplicit-function-declaration -Wimplicit-int -Wmisleading-indentation -Wpointer-arith -Wshorten-64-to-32 -Wwrite-strings -Wold-style-definition -Wmissing-noreturn -Wno-cast-function-type -Wno-constant-logical-operand -Wno-long-long -Wno-missing-field-initializers -Wno-overlength-strings -Wno-parentheses-equality -Wno-self-assign -Wno-tautological-compare -Wno-unused-parameter -Wno-unused-value -Wunused-variable -Wextra-tokens -Wundef  -fno-common -pipe conftest.c  -L. -L/Users/satomi/.rbenv/versions/3.1.4/lib -L. -fstack-protector-strong     -lruby.3.1   "
conftest.c:16:13: warning: a function declaration without a prototype is deprecated in all versions of C and is treated as a zero-parameter prototype in C23, conflicting with a previous declaration [-Wdeprecated-non-prototype]
   16 | extern void rb_category_warn();
      |             ^
/Users/satomi/.rbenv/versions/3.1.4/include/ruby-3.1.0/ruby/internal/error.h:552:6: note: conflicting prototype is here
  552 | void rb_category_warn(rb_warning_category_t cat, const char *fmt, ...);
      |      ^
conftest.c:16:13: error: conflicting types for 'rb_category_warn'
   16 | extern void rb_category_warn();
      |             ^
/Users/satomi/.rbenv/versions/3.1.4/include/ruby-3.1.0/ruby/internal/error.h:552:6: note: previous declaration is here
  552 | void rb_category_warn(rb_warning_category_t cat, const char *fmt, ...);
      |      ^
conftest.c:17:32: error: too few arguments to function call, expected at least 2, have 0
   17 | int t(void) { rb_category_warn(); return 0; }
      |               ~~~~~~~~~~~~~~~~ ^
/Users/satomi/.rbenv/versions/3.1.4/include/ruby-3.1.0/ruby/internal/error.h:552:6: note: 'rb_category_warn' declared here
  552 | void rb_category_warn(rb_warning_category_t cat, const char *fmt, ...);
      |      ^
1 warning and 2 errors generated.
checked program was:
/* begin */
 1: #include "ruby.h"
 2: 
 3: #include <ruby.h>
 4: 
 5: /*top*/
 6: extern int t(void);
 7: int main(int argc, char **argv)
 8: {
 9:   if (argc > 1000000) {
10:     int (* volatile tp)(void)=(int (*)(void))&t;
11:     printf("%d", (*tp)());
12:   }
13: 
14:   return !!argv[argc];
15: }
16: extern void rb_category_warn();
17: int t(void) { rb_category_warn(); return 0; }
/* end */

--------------------

have_const: checking for RB_WARN_CATEGORY_DEPRECATED in ruby.h... -------------------- yes

DYLD_FALLBACK_LIBRARY_PATH=.:/Users/satomi/.rbenv/versions/3.1.4/lib "clang -I/Users/satomi/.rbenv/versions/3.1.4/include/ruby-3.1.0/arm64-darwin24 -I/Users/satomi/.rbenv/versions/3.1.4/include/ruby-3.1.0/ruby/backward -I/Users/satomi/.rbenv/versions/3.1.4/include/ruby-3.1.0 -I. -D_XOPEN_SOURCE -D_DARWIN_C_SOURCE -D_DARWIN_UNLIMITED_SELECT -D_REENTRANT   -fdeclspec -O3 -fno-fast-math -ggdb3 -Wall -Wextra -Wdeprecated-declarations -Wdivision-by-zero -Wimplicit-function-declaration -Wimplicit-int -Wmisleading-indentation -Wpointer-arith -Wshorten-64-to-32 -Wwrite-strings -Wold-style-definition -Wmissing-noreturn -Wno-cast-function-type -Wno-constant-logical-operand -Wno-long-long -Wno-missing-field-initializers -Wno-overlength-strings -Wno-parentheses-equality -Wno-self-assign -Wno-tautological-compare -Wno-unused-parameter -Wno-unused-value -Wunused-variable -Wextra-tokens -Wundef  -fno-common -pipe   -c conftest.c"
checked program was:
/* begin */
1: #include "ruby.h"
2: 
3: #include <ruby.h>
4: 
5: /*top*/
6: typedef int conftest_type;
7: conftest_type conftestval = (int)RB_WARN_CATEGORY_DEPRECATED;
/* end */

--------------------

